9.417500000000000426e+00 2.552000000000000046e+00
9.069599999999999440e+00 2.295999999999999819e+00
1.077759999999999962e+01 2.149999999999999911e+00
5.611900000000000333e+00 1.159999999999999920e+00
8.920299999999999230e+00 9.060000000000000275e-01
1.192000000000000004e-01 8.800000000000000044e-01
9.471299999999999386e+00 7.149999999999999689e-01
1.207329999999999970e+01 7.209999999999999742e-01
9.215299999999999159e+00 6.879999999999999449e-01
5.838499999999999801e+00 5.809999999999999609e-01
1.021519999999999939e+01 5.300000000000000266e-01
1.466999999999999971e-01 7.720000000000000195e-01
7.819200000000000372e+00 4.759999999999999787e-01
8.403600000000000847e+00 6.059999999999999831e-01
1.235710000000000086e+01 4.349999999999999978e-01
5.400000000000000355e+00 4.189999999999999836e-01
1.263860000000000028e+01 3.970000000000000195e-01
9.516799999999999926e+00 6.089999999999999858e-01
6.692999999999999616e+00 3.689999999999999947e-01
5.558200000000000252e+00 3.509999999999999787e-01
1.483689999999999998e+01 3.410000000000000253e-01
6.285199999999999676e+00 3.210000000000000075e-01
1.280819999999999936e+01 3.990000000000000213e-01
1.181029999999999980e+01 3.790000000000000036e-01
1.056269999999999953e+01 3.079999999999999960e-01
9.305699999999999861e+00 4.010000000000000231e-01
1.050600000000000023e+01 2.919999999999999818e-01
5.672600000000000087e+00 3.210000000000000075e-01
1.307799999999999940e+01 3.449999999999999734e-01
8.665900000000000603e+00 3.170000000000000040e-01
2.962000000000000188e-01 2.680000000000000160e-01
1.520250000000000057e+01 2.989999999999999880e-01
9.847200000000000841e+00 1.749999999999999889e-01
1.463150000000000084e+01 2.670000000000000151e-01
8.821300000000000807e+00 2.700000000000000178e-01
1.508440000000000047e+01 3.150000000000000022e-01
1.298840000000000039e+01 2.330000000000000127e-01
6.509699999999999598e+00 2.469999999999999973e-01
1.539100000000000001e+01 2.859999999999999765e-01
1.495570000000000022e+01 2.640000000000000124e-01
8.477600000000000691e+00 2.540000000000000036e-01
1.084830000000000005e+01 2.909999999999999809e-01
1.921699999999999964e+00 2.379999999999999893e-01
4.605000000000000204e-01 2.230000000000000038e-01
1.845530000000000115e+01 1.950000000000000067e-01
1.451500000000000057e+01 2.149999999999999967e-01
1.188790000000000013e+01 2.389999999999999902e-01
1.285060000000000002e+01 2.169999999999999984e-01
5.347500000000000142e+00 2.280000000000000082e-01
7.341099999999999959e+00 2.190000000000000002e-01
1.817480000000000118e+01 2.030000000000000138e-01
8.026999999999999691e-01 2.089999999999999913e-01
1.258339999999999925e+01 2.179999999999999993e-01
1.893380000000000152e+01 2.089999999999999913e-01
6.139700000000000379e+00 2.119999999999999940e-01
1.864740000000000109e+01 1.849999999999999978e-01
1.007729999999999926e+01 3.119999999999999996e-01
2.092299999999999827e+00 1.759999999999999898e-01
1.614689999999999870e+01 1.990000000000000102e-01
9.150600000000000733e+00 2.169999999999999984e-01
9.709300000000000708e+00 2.379999999999999893e-01
3.910000000000000281e-02 2.059999999999999887e-01
7.982599999999999696e+00 2.119999999999999940e-01
7.147400000000000198e+00 1.960000000000000075e-01
1.136040000000000028e+01 1.920000000000000040e-01
1.604749999999999943e+01 1.990000000000000102e-01
1.798789999999999978e+01 1.380000000000000115e-01
7.074699999999999989e+00 1.900000000000000022e-01
6.756099999999999994e+00 1.920000000000000040e-01
7.899499999999999744e+00 1.900000000000000022e-01
1.439470000000000027e+01 1.670000000000000095e-01
1.166419999999999924e+01 1.409999999999999865e-01
6.021999999999999575e-01 1.739999999999999880e-01
1.992010000000000147e+01 1.690000000000000113e-01
2.437000000000000000e-01 2.049999999999999878e-01
1.004829999999999934e+01 2.670000000000000151e-01
4.058799999999999741e+00 1.700000000000000122e-01
3.044200000000000017e+00 1.869999999999999996e-01
2.646199999999999886e+00 1.930000000000000049e-01
1.126469999999999949e+01 1.690000000000000113e-01
1.194459999999999944e+01 2.059999999999999887e-01
1.202459999999999951e+01 2.099999999999999922e-01
8.714900000000000091e+00 1.660000000000000087e-01
5.908999999999999808e+00 1.839999999999999969e-01
9.760600000000000165e+00 1.819999999999999951e-01
1.500489999999999924e+01 1.719999999999999862e-01
1.829410000000000025e+01 1.539999999999999980e-01
1.806050000000000111e+01 1.620000000000000051e-01
6.991500000000000270e+00 1.390000000000000124e-01
2.559000000000000163e+00 1.710000000000000131e-01
7.559000000000000163e+00 1.449999999999999900e-01
1.271119999999999983e+01 1.660000000000000087e-01
4.595500000000000362e+00 1.630000000000000060e-01
1.547010000000000041e+01 1.700000000000000122e-01
1.473150000000000048e+01 1.215999999999999970e+00
1.473170000000000002e+01 1.290000000000000036e+00
3.160699999999999843e+00 1.729999999999999871e-01
6.623800000000000132e+00 1.539999999999999980e-01
2.724299999999999944e+00 1.509999999999999953e-01
1.312100000000000044e+01 1.690000000000000113e-01
1.755359999999999943e+01 1.449999999999999900e-01
1.881469999999999843e+01 1.489999999999999936e-01
1.333380000000000010e+01 1.400000000000000133e-01
1.764290000000000092e+01 1.489999999999999936e-01
8.060900000000000176e+00 1.710000000000000131e-01
7.514499999999999957e+00 1.570000000000000007e-01
1.079700000000000104e+00 1.509999999999999953e-01
1.765400000000000080e+00 1.360000000000000098e-01
4.850100000000000300e+00 1.350000000000000089e-01
1.425890000000000057e+01 1.499999999999999944e-01
1.560629999999999917e+01 1.250000000000000000e-01
2.043870000000000076e+01 1.250000000000000000e-01
7.204399999999999693e+00 1.419999999999999873e-01
9.897100000000000009e+00 1.439999999999999891e-01
1.812890000000000157e+01 1.409999999999999865e-01
4.526900000000000368e+00 1.449999999999999900e-01
5.501800000000000246e+00 1.290000000000000036e-01
1.635010000000000119e+01 1.280000000000000027e-01
5.740800000000000125e+00 1.270000000000000018e-01
6.400199999999999889e+00 1.459999999999999909e-01
1.858099999999999952e+01 1.409999999999999865e-01
1.353099999999999969e+00 1.140000000000000041e-01
3.493999999999999884e-01 1.350000000000000089e-01
6.074300000000000033e+00 1.189999999999999947e-01
4.957900000000000418e+00 1.130000000000000032e-01
8.144600000000000506e+00 1.370000000000000107e-01
1.069860000000000078e+01 1.489999999999999936e-01
1.645250000000000057e+01 1.229999999999999982e-01
1.609540000000000148e+01 1.350000000000000089e-01
7.763799999999999812e+00 1.209999999999999964e-01
6.620000000000000329e-01 1.189999999999999947e-01
1.394619999999999926e+01 9.900000000000000466e-02
1.291810000000000080e+01 1.340000000000000080e-01
9.654500000000000526e+00 1.300000000000000044e-01
1.093529999999999980e+01 1.360000000000000098e-01
1.319790000000000063e+01 1.209999999999999964e-01
7.031399999999999650e+00 1.380000000000000115e-01
1.554669999999999952e+01 1.150000000000000050e-01
1.400169999999999959e+01 1.100000000000000006e-01
1.970489999999999853e+01 1.039999999999999952e-01
1.172380000000000067e+01 1.209999999999999964e-01
5.064400000000000013e+00 1.130000000000000032e-01
1.039659999999999940e+01 1.250000000000000000e-01
9.980800000000000338e+00 1.079999999999999988e-01
1.903879999999999839e+01 1.069999999999999979e-01
7.304000000000000492e-01 1.110000000000000014e-01
1.651100000000000012e+00 1.120000000000000023e-01
3.525100000000000122e+00 1.100000000000000006e-01
1.673499999999999943e+01 1.059999999999999970e-01
1.770400000000000063e+01 1.160000000000000059e-01
1.592890000000000050e+01 1.059999999999999970e-01
1.778800000000000026e+01 1.130000000000000032e-01
6.333000000000000185e+00 9.299999999999999933e-02
1.919409999999999883e+01 1.010000000000000064e-01
1.458689999999999998e+01 1.270000000000000018e-01
9.504000000000000226e-01 9.099999999999999756e-02
3.233800000000000008e+00 1.010000000000000064e-01
2.232600000000000140e+00 1.000000000000000056e-01
2.130610000000000070e+01 8.799999999999999489e-02
2.051470000000000127e+01 1.179999999999999938e-01
1.414419999999999966e+01 1.140000000000000041e-01
4.333800000000000097e+00 9.800000000000000377e-02
1.357770000000000010e+01 9.800000000000000377e-02
7.666999999999999815e+00 8.999999999999999667e-02
4.031000000000000139e-01 9.600000000000000200e-02
7.296700000000000408e+00 9.500000000000000111e-02
1.226650000000000063e+01 9.500000000000000111e-02
1.491029999999999944e+01 9.099999999999999756e-02
2.970099999999999962e+00 8.799999999999999489e-02
2.863100000000000200e+00 9.299999999999999933e-02
1.703209999999999980e+01 8.000000000000000167e-02
2.054570000000000007e+01 1.140000000000000041e-01
1.444270000000000032e+01 1.039999999999999952e-01
1.101999999999999957e+01 9.400000000000000022e-02
1.478389999999999915e+01 8.300000000000000433e-02
5.141999999999999904e-01 9.600000000000000200e-02
2.165119999999999933e+01 8.599999999999999312e-02
6.816900000000000404e+00 9.600000000000000200e-02
6.892100000000000115e+00 9.500000000000000111e-02
2.068100000000000094e+01 8.300000000000000433e-02
1.151859999999999928e+01 8.500000000000000611e-02
2.207479999999999976e+01 8.100000000000000255e-02
2.184880000000000067e+01 8.400000000000000522e-02
6.022400000000000198e+00 8.500000000000000611e-02
2.102890000000000015e+01 8.200000000000000344e-02
6.464900000000000091e+00 7.900000000000000078e-02
1.418290000000000006e+01 9.400000000000000022e-02
1.516319999999999979e+01 8.100000000000000255e-02
2.905499999999999972e+00 8.599999999999999312e-02
3.572999999999999954e+00 7.499999999999999722e-02
8.208999999999999631e+00 7.799999999999999989e-02
2.037930000000000064e+01 7.900000000000000078e-02
2.147269999999999968e+01 7.099999999999999367e-02
2.020949999999999847e+01 7.900000000000000078e-02
1.824609999999999843e+01 8.000000000000000167e-02
5.231799999999999784e+00 7.900000000000000078e-02
1.690980000000000061e+01 7.799999999999999989e-02
4.910400000000000098e+00 7.699999999999999900e-02
1.742539999999999978e+01 7.799999999999999989e-02
1.749490000000000123e+01 7.399999999999999634e-02
2.095019999999999882e+01 9.099999999999999756e-02
2.086830000000000140e+01 7.799999999999999989e-02
