20.16389938	0.058264391
9.84270338	0.050569936
21.06468341	0.041851811
1.901496573	0.041691839
14.20777364	0.040245426
1.028524147	5.419873443
20.54082169	0.032206786
28.38886867	0.040574073
70.97712833	0.038030998
34.12465744	0.028457898
0.966762779	0.039004677
2.498826512	0.030243924
24.8864783	0.026232892
9.919131797	0.024521605
2.090150076	0.020312256
8.650567886	0.020570752
1.181608068	0.022731863
1.028661115	5.418001084
0.816677842	0.020890133
7.529218985	0.020732683
9.998820957	0.018711846
10.63287218	0.018458554
27.78979775	0.01962019 
19.20507788	0.016935022
85.16934789	0.022332215
86.16422431	0.020092209
11.7528903	0.018696581
0.911448635	0.018602592
0.513080925	0.015869114
9.464883083	0.013616957
7.773384586	0.013874227
99.36250112	0.017089468
20.97374709	0.014587109
0.344139645	0.014358488
1.088732695	0.014884974
4.920154075	0.015975176
8.294808291	0.014714063
11.48383567	0.015905509
19.96009941	0.013360792
10.6662433	0.015180342
10.37424602	0.012786188
6.695080365	0.013809178
42.56694554	0.014185951
100.3594632	0.013155864
0.636136919	0.013433969
0.869734739	0.010580798
0.473452724	0.011031047
58.77487997	0.011742726
23.20126915	0.011481286
1.641441822	0.01530521 
42.52940303	0.012817276
2.035638142	0.009982881
56.72464196	0.011112563
0.227340735	0.01270769 
7.940240172	0.009440849
6.106914427	0.009834938
6.857764561	0.010308393
13.61333008	0.011490849
14.47263634	0.010899598
28.99115797	0.009541908
9.154114555	0.009175072
10.25119003	0.009745064
0.17728406	0.009888319
11.85300365	0.009868877
3.785536094	0.009656473
1.222217163	0.008603149
10.7872136	0.00963557 
0.6841079	0.009509661
4.340330916	0.009553624
68.97392763	0.008446918
10.95824057	0.008553673
