  10.227  0.091 
  10.469  0.104 
  10.619  0.243 
  11.720  0.405 
  13.096  0.144 
  16.124  0.349 
  16.174  0.411 
  17.183  0.115 
  18.209  0.091 
  18.668  0.655 
  18.818  0.109 
  19.252  0.111 
  19.936  0.109 
  20.228  0.093 
  20.286  0.151 
  20.420  0.120 
  20.512  0.210 
  21.713  0.282 
  22.155  0.117 
  22.205  0.299 
  22.480  0.146 
  23.631  0.223 
  23.807  0.092 
  24.582  0.136 
  25.166  0.144 
  25.250  0.114 
  25.416  0.272 
  25.633  0.111 
  27.001  0.112 
  29.120  0.105 
  29.304  0.172 
  30.980  0.072 
  31.130  0.089 
  32.949  0.060 
  34.392  0.049 
  35.718  0.149 
  35.877  0.113 
  39.597  0.149 
  43.292  0.157 
  48.347  0.036 

