1.958317162560000213e+01 4.513888888888888682e-05
1.732212198720000274e+01 7.523148148148147351e-05
1.794391807679999928e+01 7.754629629629628787e-05
1.784847096000000022e+01 7.986111111111110223e-05
1.947873199680000056e+01 8.333333333333333055e-05
1.802351606400000250e+01 1.053240740740741009e-04
1.789870219200000179e+01 1.597222222222222045e-04
1.702180379520000031e+01 1.597222222222222045e-04
1.882691026560000225e+01 1.597222222222222045e-04
1.888177409280000063e+01 1.990740740740740079e-04
1.864558336320000009e+01 1.863425925925926035e-04
1.535269196160000149e+01 6.064814814814814981e-04
1.559025403200000071e+01 2.800925925925925783e-04
1.860020919360000136e+01 2.789351851851851779e-04
1.842483326400000010e+01 3.090277777777778053e-04
1.815907870080000208e+01 3.229166666666666101e-04
1.782120960000000309e+01 3.807870370370370098e-04
1.541564861760000227e+01 2.118055555555554937e-04
1.729562785920000323e+01 4.351851851851852083e-04
1.952844102719999952e+01 4.664351851851850734e-04
2.443023737280000418e+01 4.756944444444443851e-04
2.022950946240000292e+01 4.895833333333332983e-04
1.706701803840000053e+01 5.231481481481481269e-04
1.855000941120000135e+01 5.474537037037036438e-04
3.377559168000000556e-01 6.180555555555555022e-04
1.629145388159999897e+01 6.099537037037036993e-04
1.773477918720000091e+01 5.949074074074072772e-04
2.052086659200000085e+01 7.083333333333332758e-04
2.299083920640000045e+01 7.407407407407407040e-04
1.512980173440000087e+01 8.379629629629628800e-04
1.482502063680000148e+01 8.749999999999999098e-04
1.969833833280000235e+01 8.101851851851850535e-04
1.587916016640000016e+01 8.148148148148147635e-04
1.737226008000000022e+01 8.680555555555553989e-04
2.053239969600000236e+01 8.425925925925924816e-04
1.861596362880000299e+01 8.749999999999999098e-04
1.754793037439999992e+01 9.143518518518517404e-04
1.956260272320000126e+01 7.384259259259257947e-04
2.097742121280000305e+01 9.502314814814812613e-04
1.508156409600000103e+01 9.039351851851851367e-04
1.557358591680000259e+01 9.490740740740740778e-04
1.525147358399999931e+01 4.745370370370369847e-04
1.780873680960000272e+01 9.479166666666665689e-04
2.379357037440000155e+01 1.067129629629629027e-03
1.935250194239999999e+01 1.107638888888888909e-03
1.964360142720000013e+01 1.045138888888889070e-03
2.441581928640000143e+01 1.092592592592592053e-03
1.272016707839999938e+01 1.165509259259258929e-03
2.342923876800000116e+01 1.185185185185184953e-03
1.518776066880000108e+01 1.240740740740741040e-03
