13.947586 1360.9	   
3.33350   1321.8	   
15.683330 1241.7	   
12.452578 931.5	   
12.890541 758.4	   
17.305043 616.1	   
12.763339 533.5	   
1.93517   370.1	   
0.34619   341.4	   
14.203334 332.7	   
19.638879 315.5	   
12.415537 299.8	   
0.57559   285.8	   
1.78406   272.0	   
0.94422   267.8	   
15.226646 257.2	   
1.53695   240.3	   
3.40515   235.3	   
0.50177   228.9	   
15.10724  220.1	   
3.24598   206.3	   
17.17332  201.9	   
11.60773  194.7	   
0.40927   191.5	   
1.44497   179.8	   
14.98412  160.9	   
0.45927   148.7	   
17.43194  146.9	   
1.03385   143.7	   
15.90340  131.3	   
0.49791   127.9	   
0.53779   125.7	   
17.30454  121.9	   
0.71065   116.1	   
19.51028  115.4	   
0.43931   111.6	   
17.43413  108.4	   
11.05360  107.6	   
2.77695   106.2	   
1.09549   103.1	   
1.02790   102.6	   
11.31330  100.5	   
3.27179   100.3	   
15.13665  99.9	   
0.62811   99.1	   
10.53635  96.4	   
0.63559   95.2	   
12.62972  95.1	   
10.92536  94.8	   
10.58834  94.0	   
1.24936   93.4	   
0.54623   92.8	   
3.23050   91.8	   
9.50927   90.5	   
9.56125   89.6	   
0.61196   88.8	   
0.96207   88.5	   
0.48268   84.9	   
11.01498  84.6	   
15.68426  84.4	   
14.49976  83.9	   
0.68314   83.1	   
17.04422  83.0	   
0.66954   81.9	   
17.17108  81.1	   
3.16095   77.0	   
0.66871   76.2	   
17.55513  75.6	   
1.09333   74.7	   
10.71370  73.9	   
0.44517   73.4	   
0.58229   72.1	   
1.58868   71.2	   
0.59108   68.8	   
0.66657   68.7	   
2.28587   68.5	   
11.89501  66.8	   
12.26797  66.4	   
0.42355   66.2	   
0.65111   65.9	   
0.27133   65.9	   
1.87998   65.7	   
14.29636  65.4	   
0.58352   65.3	   
1.04128   64.7	   
17.56586  64.4	   
0.60537   63.2	   
1.64629   60.7	   
14.41275  60.3	   
0.48924   58.8	   
10.46011  58.3	   
10.01821  58.3	   
10.45394  57.8	   
12.96381  57.8	   
19.37580  57.3	   
12.61831  57.2	   
9.96619   56.7	   
0.64132   56.5	   
3.33477   55.9	   
10.87306  55.1	   
0.45392   54.8	   
0.57938   54.2	   
1.02580   54.2	   
1.08844   53.8	   
0.42793   51.4	   
9.37824   51.3	   
2.66484   51.3	   
9.43012   51.3	   
0.68246   50.5	   
14.87583  49.4	   
0.43379   48.8	   
0.62954   48.8	   
0.53683   48.5	   
0.01391   48.0	   
1.02881   47.8	   
3.28658   47.8	   
10.88242  47.4	   
3.42078   46.9	   
0.51082   46.7	   
21.06992  46.4	   
10.01384  45.9	   
9.25703   45.8	   
2.05736   45.8	   
0.87703   45.0	   
16.18006  44.7	   
1.37671   44.5	   
2.27410   43.3	   
0.55412   42.8	   
16.05491  42.7	   
1.32102   42.5	   
1.08332   42.3	   
12.56088  42.3	   
0.06173   42.0	   
0.53098   41.8	   
0.49131   41.7	   
3.30970   41.6	   
0.71633   41.4	   
2.50619   41.3	   
3.38128   41.3	   
3.22229   41.1	   
0.52134   41.0	   
2.12069   41.0	   
0.13958   40.9	   
12.88824  40.8	   
9.96196   40.6	   
1.10506   40.4	   
1.11757   40.4	   
0.59613   40.1	   
2.6325 	  39.8	   
9.76823   39.6	   
9.84033   39.4	   
2.4470 	  39.3	   
9.75396   39.2	   
9.99194   39.2	   
10.40783  39.0	   
10.72778  38.9	   
11.36186  38.6	   
1.8263 	  38.4	   
11.55488  38.4	   
10.14600  38.3	   
9.20496   38.0	   
1.2200 	  38.0	   
1.1666 	  38.0	   
9.66821   37.9	   
1.2312 	  37.9	   
13.39179  37.8	   
3.4590 	  37.8	   
10.35998  37.7	   
2.4809 	  37.6	   
1.4009 	  37.3	   
1.6184 	  36.9	   
9.50839   36.6	   
18.51928  36.3	   
17.30397  36.1	   
10.20335  36.1	   
1.3314 	  35.9	   
1.1078 	  35.8	   
10.62709  35.7	   
12.79675  35.5	   
1.5487 	  35.0	   
3.1476 	  34.9	   
9.45663   34.6	   
14.01277  34.6	   
9.64858   34.2	   
15.39018  33.8	   
10.20426  33.8	   
14.38098  33.8	   
2.1053 	  33.7	   
3.3177 	  33.6	   
14.23463  33.5	   
15.89620  33.3	   
9.94001   33.2	   
4.5729 	  33.1	   
3.4302 	  32.9	   
3.0143 	  32.8	   
9.70058   32.3	   
10.15667  32.1	   
16.90244  32.0	   
9.41419   31.4	   
3.1771 	  31.0	   
3.6999 	  30.9	   
2.3852 	  30.5	   
11.18933  30.4	   
1.7500 	  30.4	   
4.6289 	  30.2	   
3.3084 	  29.5	   
3.5509 	  29.4	   
10.67501  29.3	   
3.6053 	  28.7	   
13.06067  28.5	   
8.6411 	  28.2	   
3.1292 	  28.2	   
8.4938 	  28.2	   
11.18669  28.1	   
3.2665 	  27.8	   
15.26414  27.6	   
3.2031 	  27.1	   
15.61814  26.9	   
3.1378 	  26.4	   
15.74857  26.4	   
3.0832 	  26.4	   
2.6082 	  26.4	   
3.0671 	  26.2	   
3.1869 	  26.1	   
20.83211  26.0	   
3.0789 	  25.8	   
3.3580 	  25.7	   
15.89268  25.5	   
13.88239  25.5	   
3.6216 	  25.4	   
11.28554  25.0	   
3.3988 	  24.8	   
15.51415  24.7	   
11.13741  24.7	   
8.4419 	  23.8	   
11.44662  23.7	   
4.2779 	  23.5	   
4.7785 	  23.5	   
8.3129 	  23.3	   
11.24917  23.1	   
11.62548  23.0	   
16.76466  22.9	   
12.34206  22.7	   
21.11610  22.6	   
4.0138 	  22.5	   
14.5854   22.3	   
18.4122   22.2	   
3.8506 	  22.2	   
13.3975   22.2	   
4.9878 	  22.1	   
4.3095 	  22.1	   
3.9278 	  21.8	   
13.1291   20.8	   
16.6999   20.6	   
14.8596   20.0	   
18.3432   19.8	   
11.9959   19.8	   
14.3990   19.7	   
18.3406   19.0	   
14.5997   18.9	   
11.8614   18.9	   
12.3874   18.8	   
15.8389   18.8	   
11.7135   18.2	   
11.8369   18.2	   
16.6948   17.2	   
12.0614   17.2	   
16.1643   16.9	   
12.8253   16.5	   
12.9558   16.4	   
17.0363   16.2	   
15.4997   16.1	   
23.1808   16.0	   
15.6513   15.9	   
12.5645   15.8	   
14.8464   15.7	   
19.3378   15.7	   
16.1943   15.6	   
20.9491   15.6	   
12.1746   15.4	   
19.7423   15.2	   
12.5178   15.1	   
13.3910   14.8	   
12.4885   14.8	   
12.2083   14.7	   
17.0459   14.4	   
21.0439   14.3	   
21.1916   14.2	   
13.2617   14.1	   
22.9637   13.7	   
19.8570   13.5	   
16.3605   13.4	   
15.6815   12.9	   
13.3899   12.4	   
15.9821   12.2	   
17.5836   12.2	   
12.8220   12.2	   
14.0685   12.1	   
14.2715   12.1	   
19.4592   12.0	   
12.6949   11.9	   
14.0780   11.9	   
12.3954   11.7	   
20.8294   11.5	   
19.5909   11.4	   
16.1093   11.4	   
16.5448   11.0	   
15.8904   10.8	   
15.6360   10.8	   
20.8348   10.5	   
17.2399   10.2	   
13.8172   10.2	   
15.3975   10.1	   
20.9933   9.8	   
16.0626   9.7	   
16.6232   9.7	   
20.9057   9.6	   
23.2154   9.5	   
18.5167   9.3	   
19.3485   9.2	   
17.3062   7.8        
