7.230599999999999916e+00 1.015000000000000036e+01
7.473399999999999821e+00 9.099999999999999645e+00
9.837600000000000122e+00 1.959999999999999964e+00
7.512500000000000178e+00 1.750000000000000000e+00
6.735800000000000232e+00 1.550000000000000044e+00
9.519099999999999895e+00 1.239999999999999991e+00
1.470410000000000039e+01 1.149999999999999911e+00
1.172569999999999979e+01 1.020000000000000018e+00
1.472530000000000072e+01 5.899999999999999689e-01
7.362800000000000011e+00 5.400000000000000355e-01
7.242399999999999949e+00 5.100000000000000089e-01
7.462100000000000399e+00 5.000000000000000000e-01
6.971000000000000529e-01 3.800000000000000044e-01
1.475239999999999974e+01 2.899999999999999800e-01
9.073999999999999844e+00 3.900000000000000133e-01
1.151679999999999993e+01 3.800000000000000044e-01
8.033699999999999619e+00 3.699999999999999956e-01
9.766299999999999315e+00 3.699999999999999956e-01
7.266700000000000159e+00 3.300000000000000155e-01
2.659999999999999865e-02 6.999999999999999556e-01
1.421349999999999980e+01 3.699999999999999956e-01
2.399000000000000021e-01 1.499999999999999944e-01
1.000120000000000076e+01 2.999999999999999889e-01
9.303399999999999892e+00 2.700000000000000178e-01
7.182999999999999829e+00 2.700000000000000178e-01
1.706820000000000093e+01 2.600000000000000089e-01
1.446129999999999960e+01 2.700000000000000178e-01
1.383399999999999963e+01 2.300000000000000100e-01
1.494699999999999918e+01 2.300000000000000100e-01
9.280099999999999127e+00 3.900000000000000133e-01
1.710490000000000066e+01 2.300000000000000100e-01
1.034190000000000076e+01 2.300000000000000100e-01
1.699259999999999948e+01 2.200000000000000011e-01
6.963199999999999612e+00 2.200000000000000011e-01
1.415440000000000076e+01 2.099999999999999922e-01
1.177330000000000076e+01 2.099999999999999922e-01
1.544000000000000095e-01 2.099999999999999922e-01
9.123499999999999943e+00 2.000000000000000111e-01
9.900000000000000813e-03 1.900000000000000022e-01
1.420969999999999978e+01 2.899999999999999800e-01
9.020000000000000240e-01 2.000000000000000111e-01
1.474849999999999994e+01 3.300000000000000155e-01
4.159999999999999809e-02 3.300000000000000155e-01
1.498600000000000065e+01 1.700000000000000122e-01
7.203800000000000203e+00 1.700000000000000122e-01
1.129429999999999978e+01 1.600000000000000033e-01
5.113999999999999657e-01 1.700000000000000122e-01
5.058000000000000274e-01 1.400000000000000133e-01
6.850999999999999979e+00 1.499999999999999944e-01
7.500600000000000378e+00 1.799999999999999933e-01
6.235199999999999854e+00 1.499999999999999944e-01
3.490600000000000147e+00 1.400000000000000133e-01
6.250000000000000000e-02 1.300000000000000044e-01
1.474140000000000050e+01 1.799999999999999933e-01
1.053900000000000059e+00 1.300000000000000044e-01
2.379599999999999937e+00 1.400000000000000133e-01
2.184999999999999998e-01 3.900000000000000133e-01
2.364100000000000090e+00 1.400000000000000133e-01
7.423199999999999577e+00 1.300000000000000044e-01
7.279700000000000060e+00 1.700000000000000122e-01
4.929999999999999938e-01 1.400000000000000133e-01
8.859600000000000364e+00 1.199999999999999956e-01
2.288600000000000190e+00 1.300000000000000044e-01
1.919920000000000115e+01 1.199999999999999956e-01
1.169000000000000039e-01 1.300000000000000044e-01
1.142590000000000039e+01 1.199999999999999956e-01
7.273299999999999876e+00 1.300000000000000044e-01
3.573000000000000065e-01 1.199999999999999956e-01
1.607000000000000095e-01 1.100000000000000006e-01
1.439020000000000010e+01 1.100000000000000006e-01
7.744100000000000428e+00 1.000000000000000056e-01
6.775699999999999612e+00 1.000000000000000056e-01
7.389199999999999768e+00 8.000000000000000167e-02
2.446000000000000119e-01 2.300000000000000100e-01
1.731090000000000018e+01 1.000000000000000056e-01
3.840999999999999970e-01 5.000000000000000278e-02
1.057540000000000013e+01 1.000000000000000056e-01
9.742499999999999716e+00 1.000000000000000056e-01
2.588200000000000056e+00 8.999999999999999667e-02
1.413550000000000040e+01 8.999999999999999667e-02
7.434899999999999842e+00 1.300000000000000044e-01
7.191900000000000404e+00 1.000000000000000056e-01
2.818999999999999839e-01 1.100000000000000006e-01
1.066200000000000037e+00 1.000000000000000056e-01
1.018000000000000016e-01 5.999999999999999778e-02
7.309999999999999831e-02 1.300000000000000044e-01
2.193469999999999942e+01 8.999999999999999667e-02
2.217760000000000176e+01 8.000000000000000167e-02
9.627200000000000202e+00 8.000000000000000167e-02
1.079860000000000042e+01 8.999999999999999667e-02
7.928499999999999659e+00 8.000000000000000167e-02
9.644999999999999574e+00 8.999999999999999667e-02
8.288999999999999702e+00 8.000000000000000167e-02
8.738500000000000156e+00 8.000000000000000167e-02
3.896000000000000019e-01 1.100000000000000006e-01
1.151169999999999938e+01 8.000000000000000167e-02
1.124499999999999922e+01 8.000000000000000167e-02
8.475799999999999557e+00 8.000000000000000167e-02
1.437979999999999947e+01 8.000000000000000167e-02
3.284000000000000252e-01 1.400000000000000133e-01
7.131999999999999451e-01 8.000000000000000167e-02
1.199499999999999922e+01 7.000000000000000666e-02
8.067700000000000315e+00 7.000000000000000666e-02
1.325479999999999947e+01 7.000000000000000666e-02
1.713279999999999959e+01 8.000000000000000167e-02
1.603109999999999857e+01 7.000000000000000666e-02
7.892699999999999605e+00 7.000000000000000666e-02
1.550689999999999991e+01 7.000000000000000666e-02
1.540590000000000082e+01 7.000000000000000666e-02
1.391370000000000040e+01 7.000000000000000666e-02
1.596100000000000030e+01 7.000000000000000666e-02
4.495199999999999640e+00 7.000000000000000666e-02
2.195589999999999975e+01 5.999999999999999778e-02
4.497999999999999776e-01 7.000000000000000666e-02
1.659359999999999857e+01 8.000000000000000167e-02
1.603299999999999947e+00 5.000000000000000278e-02
1.360000000000000098e-01 8.000000000000000167e-02
6.958700000000000330e+00 8.000000000000000167e-02
8.224700000000000344e+00 7.000000000000000666e-02
5.204699999999999882e+00 7.000000000000000666e-02
6.998999999999999666e-01 1.400000000000000133e-01
3.038000000000000145e-01 8.000000000000000167e-02
2.219889999999999830e+01 5.999999999999999778e-02
7.291400000000000325e+00 1.000000000000000056e-01
7.319099999999999717e+00 8.000000000000000167e-02
7.356600000000000250e+00 5.999999999999999778e-02
2.200000000000000011e-01 3.099999999999999978e-01
1.096000000000000030e-01 1.000000000000000056e-01
1.388129999999999953e+01 5.999999999999999778e-02
6.852000000000000313e-01 5.999999999999999778e-02
1.657339999999999947e+01 5.999999999999999778e-02
2.793600000000000083e+00 5.000000000000000278e-02
2.469999999999999973e-02 5.200000000000000178e-01
1.723209999999999908e+01 5.000000000000000278e-02
7.972400000000000375e+00 5.000000000000000278e-02
1.895629999999999882e+01 5.999999999999999778e-02
8.627100000000000435e+00 5.999999999999999778e-02
6.798899999999999721e+00 5.999999999999999778e-02
6.518399999999999750e+00 5.999999999999999778e-02
1.278899999999999970e+01 5.000000000000000278e-02
9.281599999999999184e+00 2.099999999999999922e-01
4.019999999999999962e-02 2.600000000000000089e-01
2.607000000000000206e+00 5.999999999999999778e-02
7.538899999999999935e+00 7.000000000000000666e-02
2.198019999999999996e+01 5.999999999999999778e-02
7.471199999999999619e+00 1.199999999999999956e-01
1.428679999999999950e+01 5.000000000000000278e-02
1.469299999999999962e+01 5.999999999999999778e-02
7.229199999999999626e+00 4.299999999999999933e-01
7.765999999999999570e-01 5.999999999999999778e-02
2.168700000000000117e+01 7.000000000000000666e-02
9.186600000000000321e+00 5.000000000000000278e-02
1.630470000000000041e+01 5.000000000000000278e-02
9.605700000000000571e+00 4.000000000000000083e-02
6.570199999999999818e+00 5.000000000000000278e-02
1.480540000000000056e+01 5.000000000000000278e-02
1.175089999999999968e+01 5.000000000000000278e-02
1.198770000000000024e+01 5.000000000000000278e-02
1.441409999999999947e+01 5.000000000000000278e-02
5.963000000000000522e-01 5.000000000000000278e-02
2.221689999999999898e+01 5.000000000000000278e-02
1.453430000000000000e+01 5.000000000000000278e-02
1.471509999999999962e+01 7.000000000000000666e-02
1.779999999999999916e-01 5.000000000000000278e-02
2.782399999999999984e+00 4.000000000000000083e-02
1.633010000000000161e+01 4.000000000000000083e-02
5.800000000000000294e-02 8.999999999999999667e-02
5.393999999999999906e-01 5.000000000000000278e-02
6.373999999999999666e-01 4.000000000000000083e-02
8.032000000000000250e-01 5.000000000000000278e-02
7.166000000000000369e+00 5.999999999999999778e-02
1.441999999999999948e-01 4.000000000000000083e-02
9.838599999999999568e+00 1.900000000000000022e-01
1.195679999999999943e+01 5.000000000000000278e-02
1.502510000000000012e+01 4.000000000000000083e-02
1.037020000000000053e+01 4.000000000000000083e-02
6.500000000000000000e+00 5.000000000000000278e-02
6.527400000000000091e+00 4.000000000000000083e-02
8.433000000000000496e-01 5.999999999999999778e-02
4.388000000000000234e-01 4.000000000000000083e-02
8.343000000000000416e-01 4.000000000000000083e-02
2.520000000000000018e-01 8.000000000000000167e-02
1.396620000000000061e+01 4.000000000000000083e-02
1.402110000000000056e+01 4.000000000000000083e-02
8.985500000000000043e+00 4.000000000000000083e-02
7.383300000000000196e+00 5.000000000000000278e-02
1.653379999999999939e+01 4.000000000000000083e-02
2.890000000000000124e+00 4.000000000000000083e-02
1.874790000000000134e+01 4.000000000000000083e-02
1.935650000000000048e+01 4.000000000000000083e-02
1.468360000000000021e+01 4.000000000000000083e-02
2.222749999999999915e+01 2.999999999999999889e-02
1.235000000000000098e+00 1.199999999999999956e-01
7.306700000000000195e+00 5.000000000000000278e-02
7.077600000000000335e+00 2.999999999999999889e-02
6.627999999999999448e-01 5.000000000000000278e-02
3.721200000000000063e+00 4.000000000000000083e-02
1.497400000000000020e+01 4.000000000000000083e-02
1.526440000000000019e+01 4.000000000000000083e-02
1.932000000000000106e-01 4.000000000000000083e-02
9.228600000000000136e+00 4.000000000000000083e-02
9.270000000000000462e-02 4.000000000000000083e-02
6.985000000000000320e+00 4.000000000000000083e-02
6.697899999999999743e+00 4.000000000000000083e-02
7.213700000000000223e+00 4.000000000000000083e-02
8.955899999999999750e+00 4.000000000000000083e-02
1.899040000000000106e+01 4.000000000000000083e-02
7.490800000000000125e+00 5.000000000000000278e-02
1.723999999999999844e+01 4.000000000000000083e-02
7.399200000000000443e+00 4.000000000000000083e-02
2.528900000000000148e+00 2.999999999999999889e-02
9.465899999999999537e+00 2.999999999999999889e-02
1.747900000000000009e+00 2.999999999999999889e-02
1.900430000000000064e+01 4.000000000000000083e-02
1.781589999999999918e+01 4.000000000000000083e-02
1.154809999999999981e+01 4.000000000000000083e-02
9.328400000000000247e+00 2.999999999999999889e-02
5.093099999999999739e+00 2.999999999999999889e-02
1.830000000000000071e+00 4.000000000000000083e-02
1.150099999999999945e+01 4.000000000000000083e-02
8.647000000000000242e-01 2.999999999999999889e-02
2.769800000000000040e+00 2.999999999999999889e-02
6.191200000000000259e+00 4.000000000000000083e-02
7.577799999999999869e+00 4.000000000000000083e-02
8.133399999999999963e+00 2.999999999999999889e-02
8.870100000000000762e+00 2.999999999999999889e-02
7.126500000000000057e+00 4.000000000000000083e-02
4.941300000000000026e+00 2.999999999999999889e-02
1.303550000000000075e+01 2.999999999999999889e-02
4.866399999999999615e+00 2.999999999999999889e-02
1.006429999999999936e+01 2.999999999999999889e-02
1.128539999999999921e+01 2.999999999999999889e-02
9.557700000000000529e+00 2.999999999999999889e-02
1.741999999999999937e-01 8.999999999999999667e-02
5.504000000000000004e-01 5.000000000000000278e-02
7.339999999999999858e-01 4.000000000000000083e-02
3.863199999999999967e+00 2.999999999999999889e-02
1.077270000000000039e+01 2.999999999999999889e-02
6.903100000000000236e+00 2.999999999999999889e-02
1.679999999999999896e-02 1.199999999999999956e-01
1.927899999999999947e+00 2.999999999999999889e-02
1.465509999999999913e+01 2.999999999999999889e-02
9.158500000000000085e+00 4.000000000000000083e-02
7.722800000000000331e+00 2.999999999999999889e-02
1.659659999999999869e+01 4.000000000000000083e-02
8.824999999999999512e-01 4.000000000000000083e-02
2.204540000000000077e+01 2.999999999999999889e-02
2.073300000000000143e+00 2.999999999999999889e-02
4.298000000000000043e+00 2.999999999999999889e-02
1.581869999999999976e+01 2.999999999999999889e-02
1.152720000000000056e+01 2.999999999999999889e-02
8.637900000000000134e+00 2.999999999999999889e-02
1.447349999999999959e+01 2.999999999999999889e-02
7.620999999999999996e-01 2.999999999999999889e-02
1.735030000000000072e+01 2.999999999999999889e-02
1.456090000000000018e+01 2.999999999999999889e-02
1.336979999999999968e+01 2.999999999999999889e-02
4.851099999999999746e+00 2.999999999999999889e-02
3.180000000000000049e-01 7.000000000000000666e-02
1.259000000000000119e-01 5.999999999999999778e-02
6.650800000000000267e+00 2.999999999999999889e-02
3.381000000000000116e-01 4.000000000000000083e-02
2.253800000000000026e+00 2.999999999999999889e-02
2.144519999999999982e+01 2.999999999999999889e-02
1.554640000000000022e+01 2.999999999999999889e-02
8.526300000000000878e+00 2.999999999999999889e-02
8.855199999999999960e+00 4.000000000000000083e-02
1.233800000000000008e+00 1.199999999999999956e-01
2.535099999999999909e+00 2.999999999999999889e-02
7.627500000000000391e+00 2.999999999999999889e-02
1.459590000000000032e+01 2.999999999999999889e-02
1.476619999999999955e+01 4.000000000000000083e-02
9.798999999999999488e+00 2.999999999999999889e-02
9.683600000000000207e+00 2.999999999999999889e-02
1.196809999999999974e+01 2.999999999999999889e-02
1.439569999999999972e+01 2.999999999999999889e-02
8.282700000000000173e+00 2.999999999999999889e-02
7.344599999999999795e+00 2.999999999999999889e-02
4.686000000000000165e-01 4.000000000000000083e-02
3.721999999999999753e-01 5.000000000000000278e-02
1.099699999999999900e+00 2.999999999999999889e-02
5.705000000000000071e-01 2.999999999999999889e-02
1.650939999999999941e+01 2.999999999999999889e-02
1.068640000000000079e+01 2.999999999999999889e-02
1.747840000000000060e+01 2.999999999999999889e-02
1.483530000000000015e+01 2.999999999999999889e-02
1.804960000000000164e+01 2.999999999999999889e-02
1.941699999999999982e+00 2.999999999999999889e-02
2.223789999999999978e+01 2.999999999999999889e-02
5.544900000000000162e+00 2.999999999999999889e-02
2.101999999999999980e-01 5.000000000000000278e-02
3.060999999999999832e-01 5.999999999999999778e-02
2.422289999999999921e+01 2.999999999999999889e-02
6.420399999999999885e+00 2.999999999999999889e-02
1.504170000000000051e+01 2.999999999999999889e-02
1.198320000000000007e+01 2.999999999999999889e-02
2.106469999999999843e+01 2.000000000000000042e-02
9.876300000000000523e+00 2.000000000000000042e-02
9.594300000000000495e+00 2.999999999999999889e-02
1.419379999999999953e+01 2.999999999999999889e-02
5.635299999999999976e+00 2.999999999999999889e-02
2.446679999999999922e+01 2.000000000000000042e-02
1.677649999999999864e+01 2.999999999999999889e-02
1.700469999999999970e+01 2.999999999999999889e-02
1.079320000000000057e+01 2.999999999999999889e-02
3.612800000000000011e+00 2.000000000000000042e-02
1.876650000000000063e+01 2.000000000000000042e-02
9.696600000000000108e+00 2.999999999999999889e-02
9.828699999999999548e+00 2.999999999999999889e-02
4.532799999999999940e+00 2.000000000000000042e-02
7.639700000000000379e+00 2.000000000000000042e-02
2.168380000000000152e+01 4.000000000000000083e-02
2.325600000000000112e+00 2.999999999999999889e-02
2.351199999999999957e+00 2.999999999999999889e-02
7.327799999999999869e+00 2.999999999999999889e-02
1.425079999999999991e+01 2.999999999999999889e-02
8.333099999999999952e+00 2.000000000000000042e-02
9.481299999999999173e+00 2.999999999999999889e-02
1.466629999999999967e+01 2.999999999999999889e-02
7.084699999999999775e+00 2.999999999999999889e-02
7.977699999999999569e+00 2.999999999999999889e-02
6.711000000000000298e+00 2.000000000000000042e-02
1.432419999999999938e+01 2.000000000000000042e-02
1.598799999999999999e+00 4.000000000000000083e-02
4.286599999999999966e+00 2.000000000000000042e-02
1.572699999999999987e+00 2.000000000000000042e-02
2.156370000000000076e+01 2.000000000000000042e-02
1.176379999999999981e+01 2.999999999999999889e-02
1.323019999999999996e+01 2.000000000000000042e-02
8.823900000000000077e+00 2.000000000000000042e-02
1.166559999999999953e+01 2.000000000000000042e-02
1.171519999999999939e+01 2.999999999999999889e-02
6.445500000000000007e+00 2.000000000000000042e-02
7.801300000000000345e+00 2.999999999999999889e-02
8.965500000000000469e+00 2.000000000000000042e-02
9.348200000000000287e+00 2.000000000000000042e-02
5.878400000000000070e+00 2.000000000000000042e-02
6.833199999999999719e+00 2.000000000000000042e-02
2.716999999999999971e-01 4.000000000000000083e-02
2.940100000000000158e+00 2.000000000000000042e-02
6.622700000000000031e+00 2.999999999999999889e-02
6.562700000000000422e+00 2.000000000000000042e-02
1.168699999999999939e+01 2.000000000000000042e-02
2.130730000000000146e+01 2.000000000000000042e-02
1.119219999999999970e+01 2.000000000000000042e-02
2.172259999999999991e+01 2.000000000000000042e-02
1.536599999999999966e+01 2.000000000000000042e-02
1.601219999999999999e+01 2.000000000000000042e-02
4.156000000000000250e-01 2.999999999999999889e-02
5.852000000000000535e-01 2.999999999999999889e-02
7.429999999999999938e-01 2.999999999999999889e-02
5.282999999999999918e-01 2.999999999999999889e-02
4.300999999999999823e-01 2.999999999999999889e-02
1.034599999999999964e+00 2.000000000000000042e-02
8.599099999999999966e+00 2.000000000000000042e-02
6.471999999999999975e-01 2.999999999999999889e-02
7.149799999999999933e+00 2.000000000000000042e-02
7.036599999999999966e+00 2.000000000000000042e-02
1.417520000000000024e+01 2.000000000000000042e-02
1.512429999999999986e+01 2.000000000000000042e-02
1.674569999999999936e+01 2.000000000000000042e-02
4.885600000000000165e+00 2.000000000000000042e-02
1.332500000000000018e+00 2.000000000000000042e-02
1.450399999999999956e+01 2.000000000000000042e-02
1.426319999999999943e+01 2.000000000000000042e-02
3.111800000000000122e+00 2.000000000000000042e-02
1.859339999999999904e+01 2.000000000000000042e-02
2.041999999999999815e+00 2.000000000000000042e-02
3.322799999999999976e+00 2.000000000000000042e-02
1.719899999999999984e+00 2.000000000000000042e-02
1.392580000000000062e+01 2.000000000000000042e-02
1.400689999999999991e+01 2.000000000000000042e-02
1.625969999999999871e+01 2.000000000000000042e-02
5.993000000000000327e+00 2.000000000000000042e-02
7.715799999999999770e+00 2.000000000000000042e-02
9.265200000000000102e+00 2.000000000000000042e-02
7.757100000000000328e+00 2.000000000000000042e-02
1.699980000000000047e+01 4.000000000000000083e-02
2.884999999999999787e-01 5.000000000000000278e-02
1.890200000000000102e+00 2.000000000000000042e-02
2.969199999999999839e+00 2.000000000000000042e-02
1.487449999999999939e+01 2.000000000000000042e-02
2.942899999999999849e+01 2.000000000000000042e-02
1.393100000000000005e+00 2.000000000000000042e-02
8.683199999999999363e+00 2.000000000000000042e-02
7.552500000000000213e+00 2.000000000000000042e-02
6.917500000000000426e+00 2.000000000000000042e-02
2.162000000000000099e+01 2.999999999999999889e-02
2.162829999999999941e+01 2.000000000000000042e-02
2.144000000000000128e+01 2.000000000000000042e-02
1.948479999999999990e+01 2.000000000000000042e-02
2.222200000000000131e+01 2.999999999999999889e-02
8.613099999999999312e+00 2.000000000000000042e-02
9.304999999999999716e+00 5.000000000000000278e-02
4.043599999999999639e+00 2.000000000000000042e-02
1.697919999999999874e+01 2.000000000000000042e-02
1.671000000000000085e+01 2.000000000000000042e-02
6.334800000000000431e+00 2.000000000000000042e-02
3.705799999999999983e+00 2.000000000000000042e-02
3.486800000000000122e+00 2.000000000000000042e-02
