6.443389999999999418e+01 1.318999999999999950e+00
5.717793999999999954e+01 9.180000000000000382e-01
6.143616000000000099e+01 7.820000000000000284e-01
5.364791999999999916e+01 6.199999999999999956e-01
5.104547999999999774e+01 5.649999999999999467e-01
5.478182999999999936e+01 5.400000000000000355e-01
6.328439000000000192e+01 4.969999999999999973e-01
6.031264999999999787e+01 3.659999999999999920e-01
6.119863000000000142e+01 3.629999999999999893e-01
4.908046999999999827e+01 3.569999999999999840e-01
6.019301999999999708e+01 2.839999999999999747e-01
6.382186999999999699e+01 2.810000000000000275e-01
5.488584999999999781e+01 2.550000000000000044e-01
6.243308999999999997e+01 2.260000000000000064e-01
5.354041999999999746e+01 2.119999999999999940e-01
5.777609999999999957e+01 2.099999999999999922e-01
5.032421999999999684e+01 2.010000000000000120e-01
5.594001000000000090e+01 1.930000000000000049e-01
5.097785999999999973e+01 1.849999999999999978e-01
6.447378000000000497e+01 1.719999999999999862e-01
6.155405999999999977e+01 1.670000000000000095e-01
6.146043000000000234e+01 1.650000000000000078e-01
5.842108000000000345e+01 1.529999999999999971e-01
6.366928999999999661e+01 1.439999999999999891e-01
4.985027000000000186e+01 1.429999999999999882e-01
5.842454000000000036e+01 1.380000000000000115e-01
6.023810000000000286e+01 1.350000000000000089e-01
5.909552999999999656e+01 1.270000000000000018e-01
5.662485999999999819e+01 1.260000000000000009e-01
6.028837999999999653e+01 1.160000000000000059e-01
6.452925999999999362e+01 1.140000000000000041e-01
5.227647999999999939e+01 1.140000000000000041e-01
5.042824999999999847e+01 1.110000000000000014e-01
5.450442000000000320e+01 1.049999999999999961e-01
6.320289999999999964e+01 9.600000000000000200e-02
5.685719000000000278e+01 9.099999999999999756e-02
5.976650999999999669e+01 8.400000000000000522e-02
5.775009000000000015e+01 7.499999999999999722e-02
6.162167000000000172e+01 6.900000000000000577e-02
6.036813999999999680e+01 6.800000000000000488e-02
5.107404999999999973e+01 6.800000000000000488e-02
6.440949000000000524e+01 6.700000000000000400e-02
6.136160000000000281e+01 6.500000000000000222e-02
6.566648999999999603e+01 6.300000000000000044e-02
6.696510999999999569e+01 6.199999999999999956e-02
5.437597000000000236e+01 6.199999999999999956e-02
5.111912999999999840e+01 6.099999999999999867e-02
6.016181000000000267e+01 5.999999999999999778e-02
6.034385999999999939e+01 5.999999999999999778e-02
5.897921999999999798e+01 5.999999999999999778e-02
5.581343999999999994e+01 5.700000000000000205e-02
5.814367000000000019e+01 5.600000000000000117e-02
5.980451000000000050e+01 5.399999999999999939e-02
7.992799999999999905e-01 5.199999999999999761e-02
5.428582000000000107e+01 5.099999999999999672e-02
4.803643000000000285e+01 5.099999999999999672e-02
5.963633000000000095e+01 5.099999999999999672e-02
6.225437000000000154e+01 4.900000000000000189e-02
6.490534999999999854e+01 4.800000000000000100e-02
6.572024000000000399e+01 4.700000000000000011e-02
