10.399692	0.653
10.176019	0.548
11.890476	0.454
5.097099	0.4046
11.018543	0.229
12.814916	0.2232
14.315078	0.2163
  2.2397	0.21
11.52231	0.202
11.41981	0.153
14.44808	0.1374
 1.29699	0.1274
 2.31972	0.1122
19.12671	0.0984
 1.26807	0.084
 7.22672	0.079
 5.09657	0.066
 6.93255	0.063
 6.59001	0.059
 19.42781	0.0585
 3.69704	0.056
 2.20292	0.053
 2.13439	0.052
 5.09768	0.051
 1.13657	0.051
11.00534	0.0471
 4.78514	0.044
14.01095	0.0432
14.39802	0.0431
 8.55119	0.04 
11.27238	0.04 
10.1668 	0.033
14.21085	0.032
17.2782 	0.0297
11.78608	0.028
14.49315	0.027
11.43813	0.027
12.35236	0.027
10.50479	0.026
11.4288 	0.025
20.8235 	0.023
10.40016	0.023
 9.59225	0.022
11.36517	0.021
23.10643	0.019
13.61003	0.019
14.20153	0.018
14.83255	0.015
14.69435	0.015
21.25792	0.015
21.52354	0.012
21.24588	0.012
