[NbConvertApp] Converting notebook RAW-ZAMS_DataPreparation.ipynb to notebook
[NbConvertApp] Executing notebook with kernel: ir
During startup - Warning message:
Setting LC_CTYPE failed, using "C" 
Fontconfig warning: ignoring UTF-8: not a valid region tag
During startup - Warning message:
Setting LC_CTYPE failed, using "C" 
During startup - Warning message:
Setting LC_CTYPE failed, using "C" 
During startup - Warning message:
Setting LC_CTYPE failed, using "C" 
During startup - Warning message:
Setting LC_CTYPE failed, using "C" 
During startup - Warning message:
Setting LC_CTYPE failed, using "C" 
During startup - Warning message:
Setting LC_CTYPE failed, using "C" 
During startup - Warning message:
Setting LC_CTYPE failed, using "C" 
During startup - Warning message:
Setting LC_CTYPE failed, using "C" 
[NbConvertApp] Writing 222315 bytes to RAW-ZAMS_DataPreparation.ipynb
